<?xml version="1.0" encoding="UTF-8"?>
<testsuite name="hello.story" tests="1" skipped="0" failures="0" errors="0" timestamp="2016-03-02T01:59:53" hostname="BAHCND5292F7T" time="19.979">
  <properties/>
  <testcase name="classMethod" classname="hello.story" time="19.979"/>
  <system-out><![CDATA[]]></system-out>
  <system-err><![CDATA[[pool-1-thread-1] INFO net.serenitybdd.core.Serenity - 
  _____ _____ ____ _____   ____ _____  _    ____ _____ _____ ____  
 |_   _| ____/ ___|_   _| / ___|_   _|/ \  |  _ \_   _| ____|  _ \ 
   | | |  _| \___ \ | |   \___ \ | | / _ \ | |_) || | |  _| | | | |
   | | | |___ ___) || |    ___) || |/ ___ \|  _ < | | | |___| |_| |
   |_| |_____|____/ |_|   |____/ |_/_/   \_\_| \_\|_| |_____|____/ 
                                                                   

TEST STARTED: Login into google page
--------------------------------------------------------------------
]]></system-err>
</testsuite>
